# JRE version: OpenJDK Runtime Environment (8.0_152-b01) (build 1.8.0_152-release-915-b01)
# Java VM: OpenJDK 64-Bit Server VM (25.152-b01 mixed mode windows-amd64 compressed oops)
Heap:
 PSYoungGen      total 349696K, used 100237K [0x00000000e0000000, 0x0000000100000000, 0x0000000100000000)
  eden space 175104K, 41% used [0x00000000e0000000,0x00000000e46fb238,0x00000000eab00000)
  from space 174592K, 15% used [0x00000000f5580000,0x00000000f7068338,0x0000000100000000)
  to   space 174592K, 0% used [0x00000000eab00000,0x00000000eab00000,0x00000000f5580000)
 ParOldGen       total 1048576K, used 962144K [0x00000000a0000000, 0x00000000e0000000, 0x00000000e0000000)
  object space 1048576K, 91% used [0x00000000a0000000,0x00000000dab983b8,0x00000000e0000000)
 Metaspace       used 91784K, capacity 99504K, committed 99800K, reserved 1136640K
  class space    used 11652K, capacity 13439K, committed 13568K, reserved 1048576K
GC Heap History (10 events):
Event: 2529.682 GC heap before
{Heap before GC invocations=98 (full 12):
 PSYoungGen      total 348160K, used 330046K [0x00000000e0000000, 0x0000000100000000, 0x0000000100000000)
  eden space 184832K, 100% used [0x00000000e0000000,0x00000000eb480000,0x00000000eb480000)
  from space 163328K, 88% used [0x00000000eb480000,0x00000000f424f840,0x00000000f5400000)
  to   space 174592K, 0% used [0x00000000f5580000,0x00000000f5580000,0x0000000100000000)
 ParOldGen       total 1048576K, used 819615K [0x00000000a0000000, 0x00000000e0000000, 0x00000000e0000000)
  object space 1048576K, 78% used [0x00000000a0000000,0x00000000d2067ce8,0x00000000e0000000)
 Metaspace       used 91731K, capacity 99440K, committed 99800K, reserved 1136640K
  class space    used 11651K, capacity 13439K, committed 13568K, reserved 1048576K
Event: 2529.872 GC heap after
Heap after GC invocations=98 (full 12):
 PSYoungGen      total 349696K, used 136958K [0x00000000e0000000, 0x0000000100000000, 0x0000000100000000)
  eden space 175104K, 0% used [0x00000000e0000000,0x00000000e0000000,0x00000000eab00000)
  from space 174592K, 78% used [0x00000000f5580000,0x00000000fdb3f8e8,0x0000000100000000)
  to   space 174592K, 0% used [0x00000000eab00000,0x00000000eab00000,0x00000000f5580000)
 ParOldGen       total 1048576K, used 819615K [0x00000000a0000000, 0x00000000e0000000, 0x00000000e0000000)
  object space 1048576K, 78% used [0x00000000a0000000,0x00000000d2067ce8,0x00000000e0000000)
 Metaspace       used 91731K, capacity 99440K, committed 99800K, reserved 1136640K
  class space    used 11651K, capacity 13439K, committed 13568K, reserved 1048576K
}
Event: 2532.338 GC heap before
{Heap before GC invocations=99 (full 12):
 PSYoungGen      total 349696K, used 312062K [0x00000000e0000000, 0x0000000100000000, 0x0000000100000000)
  eden space 175104K, 100% used [0x00000000e0000000,0x00000000eab00000,0x00000000eab00000)
  from space 174592K, 78% used [0x00000000f5580000,0x00000000fdb3f8e8,0x0000000100000000)
  to   space 174592K, 0% used [0x00000000eab00000,0x00000000eab00000,0x00000000f5580000)
 ParOldGen       total 1048576K, used 819615K [0x00000000a0000000, 0x00000000e0000000, 0x00000000e0000000)
  object space 1048576K, 78% used [0x00000000a0000000,0x00000000d2067ce8,0x00000000e0000000)
 Metaspace       used 91731K, capacity 99440K, committed 99800K, reserved 1136640K
  class space    used 11651K, capacity 13439K, committed 13568K, reserved 1048576K
Event: 2532.480 GC heap after
Heap after GC invocations=99 (full 12):
 PSYoungGen      total 349696K, used 51100K [0x00000000e0000000, 0x0000000100000000, 0x0000000100000000)
  eden space 175104K, 0% used [0x00000000e0000000,0x00000000e0000000,0x00000000eab00000)
  from space 174592K, 29% used [0x00000000eab00000,0x00000000edce71e0,0x00000000f5580000)
  to   space 174592K, 0% used [0x00000000f5580000,0x00000000f5580000,0x0000000100000000)
 ParOldGen       total 1048576K, used 864283K [0x00000000a0000000, 0x00000000e0000000, 0x00000000e0000000)
  object space 1048576K, 82% used [0x00000000a0000000,0x00000000d4c06e78,0x00000000e0000000)
 Metaspace       used 91731K, capacity 99440K, committed 99800K, reserved 1136640K
  class space    used 11651K, capacity 13439K, committed 13568K, reserved 1048576K
}
Event: 2536.337 GC heap before
{Heap before GC invocations=100 (full 12):
 PSYoungGen      total 349696K, used 226204K [0x00000000e0000000, 0x0000000100000000, 0x0000000100000000)
  eden space 175104K, 100% used [0x00000000e0000000,0x00000000eab00000,0x00000000eab00000)
  from space 174592K, 29% used [0x00000000eab00000,0x00000000edce71e0,0x00000000f5580000)
  to   space 174592K, 0% used [0x00000000f5580000,0x00000000f5580000,0x0000000100000000)
 ParOldGen       total 1048576K, used 864283K [0x00000000a0000000, 0x00000000e0000000, 0x00000000e0000000)
  object space 1048576K, 82% used [0x00000000a0000000,0x00000000d4c06e78,0x00000000e0000000)
 Metaspace       used 91731K, capacity 99440K, committed 99800K, reserved 1136640K
  class space    used 11651K, capacity 13439K, committed 13568K, reserved 1048576K
Event: 2536.454 GC heap after
Heap after GC invocations=100 (full 12):
 PSYoungGen      total 349696K, used 45300K [0x00000000e0000000, 0x0000000100000000, 0x0000000100000000)
  eden space 175104K, 0% used [0x00000000e0000000,0x00000000e0000000,0x00000000eab00000)
  from space 174592K, 25% used [0x00000000f5580000,0x00000000f81bd138,0x0000000100000000)
  to   space 174592K, 0% used [0x00000000eab00000,0x00000000eab00000,0x00000000f5580000)
 ParOldGen       total 1048576K, used 890754K [0x00000000a0000000, 0x00000000e0000000, 0x00000000e0000000)
  object space 1048576K, 84% used [0x00000000a0000000,0x00000000d65e0970,0x00000000e0000000)
 Metaspace       used 91731K, capacity 99440K, committed 99800K, reserved 1136640K
  class space    used 11651K, capacity 13439K, committed 13568K, reserved 1048576K
}
Event: 2538.776 GC heap before
{Heap before GC invocations=101 (full 12):
 PSYoungGen      total 349696K, used 220404K [0x00000000e0000000, 0x0000000100000000, 0x0000000100000000)
  eden space 175104K, 100% used [0x00000000e0000000,0x00000000eab00000,0x00000000eab00000)
  from space 174592K, 25% used [0x00000000f5580000,0x00000000f81bd138,0x0000000100000000)
  to   space 174592K, 0% used [0x00000000eab00000,0x00000000eab00000,0x00000000f5580000)
 ParOldGen       total 1048576K, used 890754K [0x00000000a0000000, 0x00000000e0000000, 0x00000000e0000000)
  object space 1048576K, 84% used [0x00000000a0000000,0x00000000d65e0970,0x00000000e0000000)
 Metaspace       used 91731K, capacity 99440K, committed 99800K, reserved 1136640K
  class space    used 11651K, capacity 13439K, committed 13568K, reserved 1048576K
Event: 2538.928 GC heap after
Heap after GC invocations=101 (full 12):
 PSYoungGen      total 349696K, used 27567K [0x00000000e0000000, 0x0000000100000000, 0x0000000100000000)
  eden space 175104K, 0% used [0x00000000e0000000,0x00000000e0000000,0x00000000eab00000)
  from space 174592K, 15% used [0x00000000eab00000,0x00000000ec5ebd90,0x00000000f5580000)
  to   space 174592K, 0% used [0x00000000f5580000,0x00000000f5580000,0x0000000100000000)
 ParOldGen       total 1048576K, used 935420K [0x00000000a0000000, 0x00000000e0000000, 0x00000000e0000000)
  object space 1048576K, 89% used [0x00000000a0000000,0x00000000d917f0c8,0x00000000e0000000)
 Metaspace       used 91731K, capacity 99440K, committed 99800K, reserved 1136640K
  class space    used 11651K, capacity 13439K, committed 13568K, reserved 1048576K
}
Event: 2542.394 GC heap before
{Heap before GC invocations=102 (full 12):
 PSYoungGen      total 349696K, used 202671K [0x00000000e0000000, 0x0000000100000000, 0x0000000100000000)
  eden space 175104K, 100% used [0x00000000e0000000,0x00000000eab00000,0x00000000eab00000)
  from space 174592K, 15% used [0x00000000eab00000,0x00000000ec5ebd90,0x00000000f5580000)
  to   space 174592K, 0% used [0x00000000f5580000,0x00000000f5580000,0x0000000100000000)
 ParOldGen       total 1048576K, used 935420K [0x00000000a0000000, 0x00000000e0000000, 0x00000000e0000000)
  object space 1048576K, 89% used [0x00000000a0000000,0x00000000d917f0c8,0x00000000e0000000)
 Metaspace       used 91755K, capacity 99440K, committed 99800K, reserved 1136640K
  class space    used 11651K, capacity 13439K, committed 13568K, reserved 1048576K
Event: 2542.507 GC heap after
Heap after GC invocations=102 (full 12):
 PSYoungGen      total 349696K, used 27552K [0x00000000e0000000, 0x0000000100000000, 0x0000000100000000)
  eden space 175104K, 0% used [0x00000000e0000000,0x00000000e0000000,0x00000000eab00000)
  from space 174592K, 15% used [0x00000000f5580000,0x00000000f7068338,0x0000000100000000)
  to   space 174592K, 0% used [0x00000000eab00000,0x00000000eab00000,0x00000000f5580000)
 ParOldGen       total 1048576K, used 962144K [0x00000000a0000000, 0x00000000e0000000, 0x00000000e0000000)
  object space 1048576K, 91% used [0x00000000a0000000,0x00000000dab983b8,0x00000000e0000000)
 Metaspace       used 91755K, capacity 99440K, committed 99800K, reserved 1136640K
  class space    used 11651K, capacity 13439K, committed 13568K, reserved 1048576K
}

